<?xml version="1.0" encoding="UTF-8"?>
<!-- Generated by org.testng.reporters.JUnitReportReporter -->
<testsuite hostname="DESKTOP-25DU9HG" failures="0" tests="2" name="tests.MyAccountTest" time="7.493" errors="0" timestamp="2024-07-17T05:35:27 EEST" skipped="0">
  <testcase classname="tests.MyAccountTest" name="userCanChangePassword" time="3.412"/>
  <testcase classname="tests.MyAccountTest" name="userCanLogoutAndSignInWithNewPassword" time="4.081"/>
</testsuite> <!-- tests.MyAccountTest -->
