<?xml version="1.0" encoding="UTF-8"?>
<!-- Generated by org.testng.reporters.JUnitReportReporter -->
<testsuite hostname="DESKTOP-25DU9HG" failures="0" tests="2" name="tests.AddToComparisonTest" time="5.534" errors="0" timestamp="2024-07-17T05:35:27 EEST" skipped="0">
  <testcase classname="tests.AddToComparisonTest" name="userCanAddProductsToCompareSuccessfully" time="4.812"/>
  <testcase classname="tests.AddToComparisonTest" name="userCanDeleteAllItemsFromTheComparison" time="0.722"/>
</testsuite> <!-- tests.AddToComparisonTest -->
