<?xml version="1.0" encoding="UTF-8"?>
<!-- Generated by org.testng.reporters.JUnitReportReporter -->
<testsuite hostname="DESKTOP-25DU9HG" failures="0" tests="2" name="tests.CheckOutAfterRegistrationTest" time="12.276" errors="0" timestamp="2024-07-17T05:35:27 EEST" skipped="0">
  <testcase classname="tests.CheckOutAfterRegistrationTest" name="userCanRegisterAndGoToPDPSuccessfully" time="3.177"/>
  <testcase classname="tests.CheckOutAfterRegistrationTest" name="userCanCompleteCheckOutSuccessfully" time="9.099"/>
</testsuite> <!-- tests.CheckOutAfterRegistrationTest -->
