<?xml version="1.0" encoding="UTF-8"?>
<!-- Generated by org.testng.reporters.JUnitReportReporter -->
<testsuite hostname="DESKTOP-25DU9HG" failures="0" tests="2" name="tests.WishListTest" time="2.536" errors="0" timestamp="2024-07-17T05:35:27 EEST" skipped="0">
  <testcase classname="tests.WishListTest" name="userCanAddItemsToWishListSuccessfully" time="1.748"/>
  <testcase classname="tests.WishListTest" name="userCanRemoveItemsFromWishListSuccessfully" time="0.788"/>
</testsuite> <!-- tests.WishListTest -->
