<?xml version="1.0" encoding="UTF-8"?>
<!-- Generated by org.testng.reporters.JUnitReportReporter -->
<testsuite hostname="DESKTOP-25DU9HG" failures="0" tests="1" name="tests.LogoutTest" time="2.610" errors="0" timestamp="2024-07-17T05:35:27 EEST" skipped="0">
  <testcase classname="tests.LogoutTest" name="userCanLogoutSuccessfully" time="2.610"/>
</testsuite> <!-- tests.LogoutTest -->
