<?xml version="1.0" encoding="UTF-8"?>
<!-- Generated by org.testng.reporters.JUnitReportReporter -->
<testsuite hostname="DESKTOP-25DU9HG" failures="0" tests="3" name="tests.ShoppingCartTest" time="4.857" errors="0" timestamp="2024-07-17T05:35:27 EEST" skipped="0">
  <testcase classname="tests.ShoppingCartTest" name="userCanAddProductToCartSuccessfully" time="3.859"/>
  <testcase classname="tests.ShoppingCartTest" name="userCanChangeProductQuantitySuccessfully" time="0.599"/>
  <testcase classname="tests.ShoppingCartTest" name="userCanRemoveElementsFromCartSuccessfully" time="0.399"/>
</testsuite> <!-- tests.ShoppingCartTest -->
