<?xml version="1.0" encoding="UTF-8"?>
<!-- Generated by org.testng.reporters.JUnitReportReporter -->
<testsuite hostname="DESKTOP-25DU9HG" failures="0" tests="1" name="tests.SearchTest" time="1.035" errors="0" timestamp="2024-07-17T05:35:27 EEST" skipped="0">
  <testcase classname="tests.SearchTest" name="userCanSearchForProductSuccessfully" time="1.035"/>
</testsuite> <!-- tests.SearchTest -->
