<?xml version="1.0" encoding="UTF-8"?>
<!-- Generated by org.testng.reporters.JUnitReportReporter -->
<testsuite hostname="DESKTOP-25DU9HG" failures="0" tests="1" name="tests.CheckOutWithoutLogIn" time="15.925" errors="0" timestamp="2024-07-17T05:35:27 EEST" skipped="0">
  <testcase classname="tests.CheckOutWithoutLogIn" name="userCanCompleteOrdersWithoutRegistration" time="15.925"/>
</testsuite> <!-- tests.CheckOutWithoutLogIn -->
